<?xml version="1.0" encoding="UTF-8"?>
<!-- Generated by org.testng.reporters.JUnitReportReporter -->
<testsuite hostname="DESKTOP-R5R7T0T" failures="0" tests="1" name="com.SimplePractice.TestCases.TC001_LoginPage" time="3.963" errors="0" timestamp="2022-03-02T19:50:04 IST" skipped="0">
  <testcase classname="com.SimplePractice.TestCases.TC001_LoginPage" name="loginPage" time="3.963"/>
  <system-out/>
</testsuite> <!-- com.SimplePractice.TestCases.TC001_LoginPage -->
